#
# A fatal error has been detected by the Java Runtime Environment:
#
#  EXCEPTION_ACCESS_VIOLATION (0xc0000005) at pc=0x00000000, pid=4256, tid=5052
#
# JRE version: Java(TM) SE Runtime Environment (7.0_45-b18) (build 1.7.0_45-b18)
# Java VM: Java HotSpot(TM) Client VM (24.45-b08 mixed mode, sharing windows-x86 )
# Problematic frame:
# C  0x00000000
#
# Failed to write core dump. Minidumps are not enabled by default on client versions of Windows
#
# If you would like to submit a bug report, please visit:
#   http://bugreport.sun.com/bugreport/crash.jsp
# The crash happened outside the Java Virtual Machine in native code.
# See problematic frame for where to report the bug.
#

---------------  T H R E A D  ---------------

Current thread (0x0087bc00):  JavaThread "main" [_thread_in_native, id=5052, stack(0x00880000,0x008d0000)]

siginfo: ExceptionCode=0xc0000005, ExceptionInformation=0x00000008 0x00000000

Registers:
EAX=0x00000000, EBX=0x3453fea0, ECX=0x074b2df8, EDX=0x074b3e68
ESP=0x008cf8e8, EBP=0x008cf8ec, ESI=0x073e2e18, EDI=0x00000000
EIP=0x00000000, EFLAGS=0x00010246

Top of Stack: (sp=0x008cf8e8)
0x008cf8e8:   072e1835 008cf954 100027d5 0087bc00
0x008cf8f8:   3453fea0 008cf954 3453fea0 00000400
0x008cf908:   00000300 0244a9dd 0087bd30 008cf95c
0x008cf918:   1000121b 0244a9dd 0087bd30 008cf964
0x008cf928:   00000000 008cf95c 34542cc8 008cf934
0x008cf938:   00000000 008cf964 34542cc8 00000000
0x008cf948:   3453fea0 00000000 008cf964 008cf988
0x008cf958:   02443207 00000000 024488c9 247f8f28 

Instructions: (pc=0x00000000)
0xffffffe0:   


Register to memory mapping:

EAX=0x00000000 is an unknown value
EBX=0x3453fea0 is an oop
{method} 
 - klass: {other class}
ECX=0x074b2df8 is an unknown value
EDX=0x074b3e68 is an unknown value
ESP=0x008cf8e8 is pointing into the stack for thread: 0x0087bc00
EBP=0x008cf8ec is pointing into the stack for thread: 0x0087bc00
ESI=0x073e2e18 is an unknown value
EDI=0x00000000 is an unknown value


Stack: [0x00880000,0x008d0000],  sp=0x008cf8e8,  free space=318k
Java frames: (J=compiled Java code, j=interpreted, Vv=VM code)
j  JMyron.JMyron.native_update()V+0
j  JMyron.JMyron.update()V+1
j  flashlite.WebcamPhoto.takeWebCamPhoto()V+25
j  flashlite.Main.main([Ljava/lang/String;)V+38
v  ~StubRoutines::call_stub

---------------  P R O C E S S  ---------------

Java Threads: ( => current thread )
  0x00e7e800 JavaThread "AWT-Shutdown" [_thread_blocked, id=4960, stack(0x06f10000,0x06f60000)]
  0x051d0400 JavaThread "AWT-Windows" daemon [_thread_in_native, id=5816, stack(0x05410000,0x05460000)]
  0x00e7e000 JavaThread "Java2D Disposer" daemon [_thread_blocked, id=4728, stack(0x05130000,0x05180000)]
  0x00e14c00 JavaThread "Service Thread" daemon [_thread_blocked, id=8180, stack(0x047e0000,0x04830000)]
  0x00e12800 JavaThread "C1 CompilerThread0" daemon [_thread_blocked, id=6864, stack(0x04750000,0x047a0000)]
  0x00e11800 JavaThread "Attach Listener" daemon [_thread_blocked, id=1944, stack(0x046c0000,0x04710000)]
  0x00e0f800 JavaThread "Signal Dispatcher" daemon [_thread_blocked, id=8248, stack(0x04630000,0x04680000)]
  0x00da0400 JavaThread "Finalizer" daemon [_thread_blocked, id=3896, stack(0x045a0000,0x045f0000)]
  0x00d9ec00 JavaThread "Reference Handler" daemon [_thread_blocked, id=6116, stack(0x04510000,0x04560000)]
=>0x0087bc00 JavaThread "main" [_thread_in_native, id=5052, stack(0x00880000,0x008d0000)]

Other Threads:
  0x00d9d800 VMThread [stack: 0x04480000,0x044d0000] [id=2680]
  0x00e27800 WatcherThread [stack: 0x04870000,0x048c0000] [id=4412]

VM state:not at safepoint (normal execution)

VM Mutex/Monitor currently owned by a thread: None

Heap
 def new generation   total 4928K, used 3982K [0x24480000, 0x249d0000, 0x299d0000)
  eden space 4416K,  88% used [0x24480000, 0x2484caa0, 0x248d0000)
  from space 512K,  17% used [0x24950000, 0x24966eb0, 0x249d0000)
  to   space 512K,   0% used [0x248d0000, 0x248d0000, 0x24950000)
 tenured generation   total 10944K, used 8428K [0x299d0000, 0x2a480000, 0x34480000)
   the space 10944K,  77% used [0x299d0000, 0x2a20b170, 0x2a20b200, 0x2a480000)
 compacting perm gen  total 12288K, used 783K [0x34480000, 0x35080000, 0x38480000)
   the space 12288K,   6% used [0x34480000, 0x34543ef0, 0x34544000, 0x35080000)
    ro space 10240K,  41% used [0x38480000, 0x388b1a78, 0x388b1c00, 0x38e80000)
    rw space 12288K,  52% used [0x38e80000, 0x394c62c0, 0x394c6400, 0x39a80000)

Card table byte_map: [0x00e80000,0x00f30000] byte_map_base: 0x00d5dc00

Polling page: 0x00770000

Code Cache  [0x02440000, 0x024f0000, 0x04440000)
 total_blobs=235 nmethods=53 adapters=120 free_code_cache=32076Kb largest_free_block=32845888

Compilation events (10 events):
Event: 15.114 Thread 0x00e12800   49             sun.awt.image.IntegerInterleavedRaster::createChild (16 bytes)
Event: 15.114 Thread 0x00e12800 nmethod 49 0x024ebb88 code [0x024ebc80, 0x024ebd4c]
Event: 15.114 Thread 0x00e12800   50             sun.awt.image.IntegerInterleavedRaster::createWritableChild (189 bytes)
Event: 15.115 Thread 0x00e12800 nmethod 50 0x024ebdc8 code [0x024ebf40, 0x024ec408]
Event: 15.115 Thread 0x00e12800   51             java.awt.image.WritableRaster::setRect (8 bytes)
Event: 15.115 Thread 0x00e12800 nmethod 51 0x024ec7c8 code [0x024ec8d0, 0x024ec97c]
Event: 15.115 Thread 0x00e12800   52             sun.awt.image.ByteInterleavedRaster::setRect (187 bytes)
Event: 15.115 Thread 0x00e12800 nmethod 52 0x024ec9c8 code [0x024ecae0, 0x024eccb8]
Event: 15.115 Thread 0x00e12800   53             java.awt.image.Raster::getPixels (29 bytes)
Event: 15.115 Thread 0x00e12800 nmethod 53 0x024ecd88 code [0x024ece90, 0x024ecf5c]

GC Heap History (10 events):
Event: 7.770 GC heap before
{Heap before GC invocations=4 (full 0):
 def new generation   total 4928K, used 4007K [0x24480000, 0x249d0000, 0x299d0000)
  eden space 4416K,  88% used [0x24480000, 0x24853980, 0x248d0000)
  from space 512K,  17% used [0x248d0000, 0x248e6370, 0x24950000)
  to   space 512K,   0% used [0x24950000, 0x24950000, 0x249d0000)
 tenured generation   total 10944K, used 4330K [0x299d0000, 0x2a480000, 0x34480000)
   the space 10944K,  39% used [0x299d0000, 0x29e0a960, 0x29e0aa00, 0x2a480000)
 compacting perm gen  total 12288K, used 783K [0x34480000, 0x35080000, 0x38480000)
   the space 12288K,   6% used [0x34480000, 0x34543ef0, 0x34544000, 0x35080000)
    ro space 10240K,  41% used [0x38480000, 0x388b1a78, 0x388b1c00, 0x38e80000)
    rw space 12288K,  52% used [0x38e80000, 0x394c62c0, 0x394c6400, 0x39a80000)
Event: 7.771 GC heap after
Heap after GC invocations=5 (full 0):
 def new generation   total 4928K, used 68K [0x24480000, 0x249d0000, 0x299d0000)
  eden space 4416K,   0% used [0x24480000, 0x24480000, 0x248d0000)
  from space 512K,  13% used [0x24950000, 0x249613c0, 0x249d0000)
  to   space 512K,   0% used [0x248d0000, 0x248d0000, 0x24950000)
 tenured generation   total 10944K, used 4330K [0x299d0000, 0x2a480000, 0x34480000)
   the space 10944K,  39% used [0x299d0000, 0x29e0a960, 0x29e0aa00, 0x2a480000)
 compacting perm gen  total 12288K, used 783K [0x34480000, 0x35080000, 0x38480000)
   the space 12288K,   6% used [0x34480000, 0x34543ef0, 0x34544000, 0x35080000)
    ro space 10240K,  41% used [0x38480000, 0x388b1a78, 0x388b1c00, 0x38e80000)
    rw space 12288K,  52% used [0x38e80000, 0x394c62c0, 0x394c6400, 0x39a80000)
}
Event: 14.926 GC heap before
{Heap before GC invocations=5 (full 0):
 def new generation   total 4928K, used 3366K [0x24480000, 0x249d0000, 0x299d0000)
  eden space 4416K,  74% used [0x24480000, 0x247b8488, 0x248d0000)
  from space 512K,  13% used [0x24950000, 0x249613c0, 0x249d0000)
  to   space 512K,   0% used [0x248d0000, 0x248d0000, 0x24950000)
 tenured generation   total 10944K, used 4330K [0x299d0000, 0x2a480000, 0x34480000)
   the space 10944K,  39% used [0x299d0000, 0x29e0a960, 0x29e0aa00, 0x2a480000)
 compacting perm gen  total 12288K, used 783K [0x34480000, 0x35080000, 0x38480000)
   the space 12288K,   6% used [0x34480000, 0x34543ef0, 0x34544000, 0x35080000)
    ro space 10240K,  41% used [0x38480000, 0x388b1a78, 0x388b1c00, 0x38e80000)
    rw space 12288K,  52% used [0x38e80000, 0x394c62c0, 0x394c6400, 0x39a80000)
Event: 14.927 GC heap after
Heap after GC invocations=6 (full 0):
 def new generation   total 4928K, used 70K [0x24480000, 0x249d0000, 0x299d0000)
  eden space 4416K,   0% used [0x24480000, 0x24480000, 0x248d0000)
  from space 512K,  13% used [0x248d0000, 0x248e1908, 0x24950000)
  to   space 512K,   0% used [0x24950000, 0x24950000, 0x249d0000)
 tenured generation   total 10944K, used 4330K [0x299d0000, 0x2a480000, 0x34480000)
   the space 10944K,  39% used [0x299d0000, 0x29e0a960, 0x29e0aa00, 0x2a480000)
 compacting perm gen  total 12288K, used 783K [0x34480000, 0x35080000, 0x38480000)
   the space 12288K,   6% used [0x34480000, 0x34543ef0, 0x34544000, 0x35080000)
    ro space 10240K,  41% used [0x38480000, 0x388b1a78, 0x388b1c00, 0x38e80000)
    rw space 12288K,  52% used [0x38e80000, 0x394c62c0, 0x394c6400, 0x39a80000)
}
Event: 15.004 GC heap before
{Heap before GC invocations=6 (full 0):
 def new generation   total 4928K, used 4486K [0x24480000, 0x249d0000, 0x299d0000)
  eden space 4416K, 100% used [0x24480000, 0x248d0000, 0x248d0000)
  from space 512K,  13% used [0x248d0000, 0x248e1908, 0x24950000)
  to   space 512K,   0% used [0x24950000, 0x24950000, 0x249d0000)
 tenured generation   total 10944K, used 4330K [0x299d0000, 0x2a480000, 0x34480000)
   the space 10944K,  39% used [0x299d0000, 0x29e0a960, 0x29e0aa00, 0x2a480000)
 compacting perm gen  total 12288K, used 783K [0x34480000, 0x35080000, 0x38480000)
   the space 12288K,   6% used [0x34480000, 0x34543ef0, 0x34544000, 0x35080000)
    ro space 10240K,  41% used [0x38480000, 0x388b1a78, 0x388b1c00, 0x38e80000)
    rw space 12288K,  52% used [0x38e80000, 0x394c62c0, 0x394c6400, 0x39a80000)
Event: 15.009 GC heap after
Heap after GC invocations=7 (full 0):
 def new generation   total 4928K, used 91K [0x24480000, 0x249d0000, 0x299d0000)
  eden space 4416K,   0% used [0x24480000, 0x24480000, 0x248d0000)
  from space 512K,  17% used [0x24950000, 0x24966eb0, 0x249d0000)
  to   space 512K,   0% used [0x248d0000, 0x248d0000, 0x24950000)
 tenured generation   total 10944K, used 8428K [0x299d0000, 0x2a480000, 0x34480000)
   the space 10944K,  77% used [0x299d0000, 0x2a20b170, 0x2a20b200, 0x2a480000)
 compacting perm gen  total 12288K, used 783K [0x34480000, 0x35080000, 0x38480000)
   the space 12288K,   6% used [0x34480000, 0x34543ef0, 0x34544000, 0x35080000)
    ro space 10240K,  41% used [0x38480000, 0x388b1a78, 0x388b1c00, 0x38e80000)
    rw space 12288K,  52% used [0x38e80000, 0x394c62c0, 0x394c6400, 0x39a80000)
}
Event: 15.047 GC heap before
{Heap before GC invocations=7 (full 0):
 def new generation   total 4928K, used 4507K [0x24480000, 0x249d0000, 0x299d0000)
  eden space 4416K, 100% used [0x24480000, 0x248d0000, 0x248d0000)
  from space 512K,  17% used [0x24950000, 0x24966eb0, 0x249d0000)
  to   space 512K,   0% used [0x248d0000, 0x248d0000, 0x24950000)
 tenured generation   total 10944K, used 8428K [0x299d0000, 0x2a480000, 0x34480000)
   the space 10944K,  77% used [0x299d0000, 0x2a20b170, 0x2a20b200, 0x2a480000)
 compacting perm gen  total 12288K, used 783K [0x34480000, 0x35080000, 0x38480000)
   the space 12288K,   6% used [0x34480000, 0x34543ef0, 0x34544000, 0x35080000)
    ro space 10240K,  41% used [0x38480000, 0x388b1a78, 0x388b1c00, 0x38e80000)
    rw space 12288K,  52% used [0x38e80000, 0x394c62c0, 0x394c6400, 0x39a80000)
Event: 15.048 GC heap after
Heap after GC invocations=8 (full 0):
 def new generation   total 4928K, used 91K [0x24480000, 0x249d0000, 0x299d0000)
  eden space 4416K,   0% used [0x24480000, 0x24480000, 0x248d0000)
  from space 512K,  17% used [0x248d0000, 0x248e6eb0, 0x24950000)
  to   space 512K,   0% used [0x24950000, 0x24950000, 0x249d0000)
 tenured generation   total 10944K, used 8428K [0x299d0000, 0x2a480000, 0x34480000)
   the space 10944K,  77% used [0x299d0000, 0x2a20b170, 0x2a20b200, 0x2a480000)
 compacting perm gen  total 12288K, used 783K [0x34480000, 0x35080000, 0x38480000)
   the space 12288K,   6% used [0x34480000, 0x34543ef0, 0x34544000, 0x35080000)
    ro space 10240K,  41% used [0x38480000, 0x388b1a78, 0x388b1c00, 0x38e80000)
    rw space 12288K,  52% used [0x38e80000, 0x394c62c0, 0x394c6400, 0x39a80000)
}
Event: 15.083 GC heap before
{Heap before GC invocations=8 (full 0):
 def new generation   total 4928K, used 4497K [0x24480000, 0x249d0000, 0x299d0000)
  eden space 4416K,  99% used [0x24480000, 0x248cd568, 0x248d0000)
  from space 512K,  17% used [0x248d0000, 0x248e6eb0, 0x24950000)
  to   space 512K,   0% used [0x24950000, 0x24950000, 0x249d0000)
 tenured generation   total 10944K, used 8428K [0x299d0000, 0x2a480000, 0x34480000)
   the space 10944K,  77% used [0x299d0000, 0x2a20b170, 0x2a20b200, 0x2a480000)
 compacting perm gen  total 12288K, used 783K [0x34480000, 0x35080000, 0x38480000)
   the space 12288K,   6% used [0x34480000, 0x34543ef0, 0x34544000, 0x35080000)
    ro space 10240K,  41% used [0x38480000, 0x388b1a78, 0x388b1c00, 0x38e80000)
    rw space 12288K,  52% used [0x38e80000, 0x394c62c0, 0x394c6400, 0x39a80000)
Event: 15.084 GC heap after
Heap after GC invocations=9 (full 0):
 def new generation   total 4928K, used 91K [0x24480000, 0x249d0000, 0x299d0000)
  eden space 4416K,   0% used [0x24480000, 0x24480000, 0x248d0000)
  from space 512K,  17% used [0x24950000, 0x24966eb0, 0x249d0000)
  to   space 512K,   0% used [0x248d0000, 0x248d0000, 0x24950000)
 tenured generation   total 10944K, used 8428K [0x299d0000, 0x2a480000, 0x34480000)
   the space 10944K,  77% used [0x299d0000, 0x2a20b170, 0x2a20b200, 0x2a480000)
 compacting perm gen  total 12288K, used 783K [0x34480000, 0x35080000, 0x38480000)
   the space 12288K,   6% used [0x34480000, 0x34543ef0, 0x34544000, 0x35080000)
    ro space 10240K,  41% used [0x38480000, 0x388b1a78, 0x388b1c00, 0x38e80000)
    rw space 12288K,  52% used [0x38e80000, 0x394c62c0, 0x394c6400, 0x39a80000)
}

Deoptimization events (0 events):
No events

Internal exceptions (10 events):
Event: 0.047 Thread 0x0087bc00 Threw 0x244b99b0 at C:\re\jdk7u45\229\hotspot\src\share\vm\prims\jvm.cpp:1244
Event: 5.821 Thread 0x0087bc00 Threw 0x244be688 at C:\re\jdk7u45\229\hotspot\src\share\vm\prims\jvm.cpp:1244
Event: 5.843 Thread 0x0087bc00 Threw 0x244d9f20 at C:\re\jdk7u45\229\hotspot\src\share\vm\prims\jvm.cpp:1244
Event: 5.843 Thread 0x0087bc00 Threw 0x244da038 at C:\re\jdk7u45\229\hotspot\src\share\vm\prims\jvm.cpp:1244
Event: 5.844 Thread 0x0087bc00 Threw 0x244dd8b8 at C:\re\jdk7u45\229\hotspot\src\share\vm\prims\jvm.cpp:1244
Event: 5.844 Thread 0x0087bc00 Threw 0x244dd9d0 at C:\re\jdk7u45\229\hotspot\src\share\vm\prims\jvm.cpp:1244
Event: 5.853 Thread 0x0087bc00 Threw 0x244e7ab8 at C:\re\jdk7u45\229\hotspot\src\share\vm\prims\jni.cpp:717
Event: 5.865 Thread 0x0087bc00 Threw 0x244f1f38 at C:\re\jdk7u45\229\hotspot\src\share\vm\prims\jni.cpp:717
Event: 6.211 Thread 0x0087bc00 Threw 0x2482bda0 at C:\re\jdk7u45\229\hotspot\src\share\vm\prims\jvm.cpp:1244
Event: 6.212 Thread 0x0087bc00 Threw 0x24830f68 at C:\re\jdk7u45\229\hotspot\src\share\vm\prims\jvm.cpp:1244

Events (10 events):
Event: 9.448 Thread 0x00e7e800 Thread exited: 0x00e7e800
Event: 14.926 Thread 0x00e7e800 Thread added: 0x00e7e800
Event: 14.926 Executing VM operation: GenCollectForAllocation
Event: 14.927 Executing VM operation: GenCollectForAllocation done
Event: 15.004 Executing VM operation: GenCollectForAllocation
Event: 15.009 Executing VM operation: GenCollectForAllocation done
Event: 15.047 Executing VM operation: GenCollectForAllocation
Event: 15.048 Executing VM operation: GenCollectForAllocation done
Event: 15.083 Executing VM operation: GenCollectForAllocation
Event: 15.084 Executing VM operation: GenCollectForAllocation done


Dynamic libraries:
0x01010000 - 0x0103f000 	C:\Program Files (x86)\Java\jre7\bin\javaw.exe
0x77a70000 - 0x77bc7000 	C:\Windows\SYSTEM32\ntdll.dll
0x750c0000 - 0x751f0000 	C:\Windows\SYSTEM32\KERNEL32.DLL
0x751f0000 - 0x75296000 	C:\Windows\SYSTEM32\KERNELBASE.dll
0x77790000 - 0x7783e000 	C:\Windows\SYSTEM32\ADVAPI32.dll
0x75ce0000 - 0x75df6000 	C:\Windows\SYSTEM32\USER32.dll
0x74350000 - 0x74548000 	C:\Windows\WinSxS\x86_microsoft.windows.common-controls_6595b64144ccf1df_6.0.9200.16579_none_8937eec6860750f5\COMCTL32.dll
0x76480000 - 0x76531000 	C:\Windows\SYSTEM32\msvcrt.dll
0x77750000 - 0x77784000 	C:\Windows\SYSTEM32\sechost.dll
0x763d0000 - 0x7647c000 	C:\Windows\SYSTEM32\RPCRT4.dll
0x75780000 - 0x7587d000 	C:\Windows\SYSTEM32\GDI32.dll
0x750a0000 - 0x750bc000 	C:\Windows\SYSTEM32\SspiCli.dll
0x75090000 - 0x75099000 	C:\Windows\SYSTEM32\CRYPTBASE.dll
0x75030000 - 0x75081000 	C:\Windows\SYSTEM32\bcryptPrimitives.dll
0x75760000 - 0x75780000 	C:\Windows\system32\IMM32.DLL
0x752a0000 - 0x7537e000 	C:\Windows\SYSTEM32\MSCTF.dll
0x68630000 - 0x686ef000 	C:\Program Files (x86)\Java\jre7\bin\msvcr100.dll
0x6bd10000 - 0x6c090000 	C:\Program Files (x86)\Java\jre7\bin\client\jvm.dll
0x6bd00000 - 0x6bd08000 	C:\Windows\SYSTEM32\WSOCK32.dll
0x74ec0000 - 0x74ee1000 	C:\Windows\SYSTEM32\WINMM.dll
0x75880000 - 0x75886000 	C:\Windows\SYSTEM32\PSAPI.DLL
0x758d0000 - 0x75920000 	C:\Windows\SYSTEM32\WS2_32.dll
0x74e90000 - 0x74ebb000 	C:\Windows\SYSTEM32\WINMMBASE.dll
0x75cd0000 - 0x75cd8000 	C:\Windows\SYSTEM32\NSI.dll
0x76360000 - 0x763a6000 	C:\Windows\SYSTEM32\cfgmgr32.dll
0x763b0000 - 0x763ce000 	C:\Windows\SYSTEM32\DEVOBJ.dll
0x6bc30000 - 0x6bc3c000 	C:\Program Files (x86)\Java\jre7\bin\verify.dll
0x6bc10000 - 0x6bc30000 	C:\Program Files (x86)\Java\jre7\bin\java.dll
0x6bbf0000 - 0x6bc03000 	C:\Program Files (x86)\Java\jre7\bin\zip.dll
0x6bbd0000 - 0x6bbe4000 	C:\Program Files (x86)\Java\jre7\bin\net.dll
0x6ca50000 - 0x6ca9a000 	C:\Windows\system32\mswsock.dll
0x6bb60000 - 0x6bb6f000 	C:\Program Files (x86)\Java\jre7\bin\nio.dll
0x682c0000 - 0x68403000 	C:\Program Files (x86)\Java\jre7\bin\awt.dll
0x75c40000 - 0x75ccb000 	C:\Windows\SYSTEM32\OLEAUT32.dll
0x76000000 - 0x76136000 	C:\Windows\SYSTEM32\combase.dll
0x739b0000 - 0x73a57000 	C:\Windows\system32\apphelp.dll
0x74de0000 - 0x74df9000 	C:\Windows\system32\DWMAPI.DLL
0x74e00000 - 0x74e88000 	C:\Windows\system32\uxtheme.dll
0x75460000 - 0x75579000 	C:\Windows\SYSTEM32\ole32.dll
0x6e150000 - 0x6e305000 	C:\Windows\system32\d3d9.dll
0x74110000 - 0x74118000 	C:\Windows\SYSTEM32\VERSION.dll
0x6e060000 - 0x6e147000 	C:\Windows\SYSTEM32\aticfx32.dll
0x74120000 - 0x74139000 	C:\Windows\SYSTEM32\atiu9pag.dll
0x6db10000 - 0x6e05f000 	C:\Windows\SYSTEM32\atiumdag.dll
0x6d670000 - 0x6db05000 	C:\Windows\SYSTEM32\atiumdva.dll
0x68fd0000 - 0x68ff5000 	C:\Program Files (x86)\Java\jre7\bin\jpeg.dll
0x10000000 - 0x1001b000 	C:\Users\Mathew\workspace\flashlite\JMyron.dll
0x072e0000 - 0x072f4000 	C:\Users\Mathew\workspace\flashlite\myron_ezcam.dll
0x07300000 - 0x07313000 	C:\Users\Mathew\workspace\flashlite\DSVL.dll
0x68130000 - 0x682b2000 	C:\Windows\SYSTEM32\QUARTZ.dll
0x7c3a0000 - 0x7c41b000 	C:\Windows\SYSTEM32\MSVCP71.dll
0x7c340000 - 0x7c396000 	C:\Windows\SYSTEM32\MSVCR71.dll
0x76680000 - 0x77746000 	C:\Windows\SYSTEM32\SHELL32.dll
0x75890000 - 0x758d0000 	C:\Windows\SYSTEM32\SHLWAPI.dll
0x76600000 - 0x76674000 	C:\Windows\SYSTEM32\clbcatq.dll
0x688a0000 - 0x688d0000 	C:\Windows\SYSTEM32\qcap.dll
0x687d0000 - 0x687f1000 	C:\Windows\SYSTEM32\MSVFW32.dll
0x68570000 - 0x685ed000 	C:\Windows\SYSTEM32\qedit.dll
0x76140000 - 0x761c9000 	C:\Windows\SYSTEM32\COMDLG32.dll
0x73c60000 - 0x73dc3000 	C:\Windows\WinSxS\x86_microsoft.windows.gdiplus_6595b64144ccf1df_1.1.9200.16518_none_ba1cf6b7e09f1918\gdiplus.dll
0x742d0000 - 0x74345000 	C:\Windows\SYSTEM32\SHCORE.DLL
0x69080000 - 0x69093000 	C:\Windows\SYSTEM32\devenum.dll
0x75930000 - 0x75adf000 	C:\Windows\SYSTEM32\setupapi.dll
0x68d10000 - 0x68d36000 	C:\Windows\SYSTEM32\ntmarta.dll
0x75380000 - 0x753c2000 	C:\Windows\SYSTEM32\WINTRUST.dll
0x761d0000 - 0x76351000 	C:\Windows\SYSTEM32\CRYPT32.dll
0x75580000 - 0x75592000 	C:\Windows\SYSTEM32\MSASN1.dll
0x69070000 - 0x6907b000 	C:\Windows\SYSTEM32\msdmo.dll
0x68790000 - 0x687c2000 	C:\Windows\SYSTEM32\ksproxy.ax
0x68d70000 - 0x68d75000 	C:\Windows\SYSTEM32\ksuser.dll
0x690e0000 - 0x690ea000 	C:\Windows\SYSTEM32\vidcap.ax
0x68fb0000 - 0x68fcd000 	C:\Windows\SYSTEM32\kswdmcap.ax
0x662f0000 - 0x66409000 	C:\Windows\SYSTEM32\MFC42.dll
0x684c0000 - 0x68561000 	C:\Windows\SYSTEM32\ODBC32.dll
0x13660000 - 0x1393f000 	C:\Program Files (x86)\Common Files\ATI Technologies\Multimedia\atimpenc.dll
0x73f90000 - 0x7402b000 	C:\Windows\WinSxS\x86_microsoft.vc80.crt_1fc8b3b9a1e18e3b_8.0.50727.6910_none_d089c358442de345\MSVCR80.dll
0x66260000 - 0x662e7000 	C:\Windows\WinSxS\x86_microsoft.vc80.crt_1fc8b3b9a1e18e3b_8.0.50727.6910_none_d089c358442de345\MSVCP80.dll
0x68da0000 - 0x68ec9000 	C:\Windows\SYSTEM32\dbghelp.dll

VM Arguments:
jvm_args: -Dfile.encoding=Cp1252 
java_command: flashlite.Main
Launcher Type: SUN_STANDARD

Environment Variables:
PATH=C:/Program Files (x86)/Java/jre7/bin/client;C:/Program Files (x86)/Java/jre7/bin;C:/Program Files (x86)/Java/jre7/lib/i386;C:\Program Files (x86)\AMD APP\bin\x86_64;C:\Program Files (x86)\AMD APP\bin\x86;C:\Windows\system32;C:\Windows;C:\Windows\System32\Wbem;C:\Windows\System32\WindowsPowerShell\v1.0\;C:\Program Files (x86)\ATI Technologies\ATI.ACE\Core-Static;C:\Program Files\Microsoft\Web Platform Installer\;C:\Program Files (x86)\Microsoft ASP.NET\ASP.NET Web Pages\v1.0\;C:\Program Files (x86)\Windows Kits\8.0\Windows Performance Toolkit\;C:\Program Files\Microsoft SQL Server\110\Tools\Binn\;C:\Program Files (x86)\MySQL\MySQL Utilities 1.3.4\;C:\Program Files (x86)\eclipse-jee-kepler-SR1-win32\eclipse;
USERNAME=Mathew
OS=Windows_NT
PROCESSOR_IDENTIFIER=AMD64 Family 21 Model 16 Stepping 1, AuthenticAMD



---------------  S Y S T E M  ---------------

OS: Windows 8 , 64 bit Build 9200 

CPU:total 4 (4 cores per cpu, 1 threads per core) family 21 model 16 stepping 1, cmov, cx8, fxsr, mmx, sse, sse2, sse3, ssse3, sse4.1, sse4.2, popcnt, avx, aes, mmxext, 3dnowpref, lzcnt, sse4a, tsc, tscinvbit, tscinv

Memory: 4k page, physical 3625284k(1320820k free), swap 5935508k(2569368k free)

vm_info: Java HotSpot(TM) Client VM (24.45-b08) for windows-x86 JRE (1.7.0_45-b18), built on Oct  8 2013 06:02:43 by "java_re" with unknown MS VC++:1600

time: Mon Oct 21 03:38:57 2013
elapsed time: 15 seconds

